2019-12-23 17:25:40,765 [WARN] from play.api.http.HttpConfiguration in play-dev-mode-akka.actor.default-dispatcher-3 - 
The application secret is too short and does not have the recommended amount of entropy.  Your application is not secure
and it will fail to start in production mode.
To set the application secret, please read http://playframework.com/documentation/latest/ApplicationSecret
          
2019-12-23 17:25:41,019 [INFO] from play.api.http.EnabledFilters in play-dev-mode-akka.actor.default-dispatcher-3 - Enabled Filters (see <https://www.playframework.com/documentation/latest/Filters>):

    play.filters.gzip.GzipFilter

2019-12-23 17:25:41,033 [INFO] from play.api.Play in play-dev-mode-akka.actor.default-dispatcher-3 - Application started (Dev) (no global state)
2019-12-23 17:25:41,048 [WARN] from slick.basic.DatabaseConfig in application-akka.actor.default-dispatcher-8 - Use `profile` instead of `driver`. The latter is deprecated since Slick 3.2 and will be removed.
2019-12-23 17:54:15,095 [WARN] from play.api.http.HttpConfiguration in play-dev-mode-akka.actor.default-dispatcher-34 - 
The application secret is too short and does not have the recommended amount of entropy.  Your application is not secure
and it will fail to start in production mode.
To set the application secret, please read http://playframework.com/documentation/latest/ApplicationSecret
          
2019-12-23 17:54:15,147 [INFO] from play.api.http.EnabledFilters in play-dev-mode-akka.actor.default-dispatcher-34 - Enabled Filters (see <https://www.playframework.com/documentation/latest/Filters>):

    play.filters.gzip.GzipFilter

2019-12-23 17:54:15,150 [WARN] from slick.basic.DatabaseConfig in application-akka.actor.default-dispatcher-5 - Use `profile` instead of `driver`. The latter is deprecated since Slick 3.2 and will be removed.
2019-12-23 17:54:15,160 [INFO] from play.api.Play in play-dev-mode-akka.actor.default-dispatcher-34 - Application started (Dev) (no global state)
2019-12-23 17:59:32,389 [WARN] from play.api.http.HttpConfiguration in play-dev-mode-akka.actor.default-dispatcher-70 - 
The application secret is too short and does not have the recommended amount of entropy.  Your application is not secure
and it will fail to start in production mode.
To set the application secret, please read http://playframework.com/documentation/latest/ApplicationSecret
          
2019-12-23 17:59:32,443 [WARN] from slick.basic.DatabaseConfig in application-akka.actor.default-dispatcher-5 - Use `profile` instead of `driver`. The latter is deprecated since Slick 3.2 and will be removed.
2019-12-23 17:59:32,445 [INFO] from play.api.http.EnabledFilters in play-dev-mode-akka.actor.default-dispatcher-70 - Enabled Filters (see <https://www.playframework.com/documentation/latest/Filters>):

    play.filters.gzip.GzipFilter

2019-12-23 17:59:32,448 [INFO] from play.api.Play in play-dev-mode-akka.actor.default-dispatcher-70 - Application started (Dev) (no global state)
2019-12-23 18:01:24,720 [WARN] from play.api.http.HttpConfiguration in play-dev-mode-akka.actor.default-dispatcher-75 - 
The application secret is too short and does not have the recommended amount of entropy.  Your application is not secure
and it will fail to start in production mode.
To set the application secret, please read http://playframework.com/documentation/latest/ApplicationSecret
          
2019-12-23 18:01:24,766 [INFO] from play.api.http.EnabledFilters in play-dev-mode-akka.actor.default-dispatcher-75 - Enabled Filters (see <https://www.playframework.com/documentation/latest/Filters>):

    play.filters.gzip.GzipFilter

2019-12-23 18:01:24,767 [WARN] from slick.basic.DatabaseConfig in application-akka.actor.default-dispatcher-7 - Use `profile` instead of `driver`. The latter is deprecated since Slick 3.2 and will be removed.
2019-12-23 18:01:24,769 [INFO] from play.api.Play in play-dev-mode-akka.actor.default-dispatcher-75 - Application started (Dev) (no global state)
2019-12-23 18:02:42,018 [WARN] from play.api.http.HttpConfiguration in play-dev-mode-akka.actor.default-dispatcher-130 - 
The application secret is too short and does not have the recommended amount of entropy.  Your application is not secure
and it will fail to start in production mode.
To set the application secret, please read http://playframework.com/documentation/latest/ApplicationSecret
          
2019-12-23 18:02:42,059 [INFO] from play.api.http.EnabledFilters in play-dev-mode-akka.actor.default-dispatcher-130 - Enabled Filters (see <https://www.playframework.com/documentation/latest/Filters>):

    play.filters.gzip.GzipFilter

2019-12-23 18:02:42,060 [INFO] from play.api.Play in play-dev-mode-akka.actor.default-dispatcher-130 - Application started (Dev) (no global state)
2019-12-23 18:02:42,067 [WARN] from slick.basic.DatabaseConfig in application-akka.actor.default-dispatcher-6 - Use `profile` instead of `driver`. The latter is deprecated since Slick 3.2 and will be removed.
2019-12-23 18:05:02,858 [ERROR] from application in application-akka.actor.default-dispatcher-47 - 

! @7e96k252g - Internal server error, for (POST) [/tmbq/newMission] ->
 
play.api.http.HttpErrorHandlerExceptions$$anon$1: Execution exception[[NoSuchElementException: null]]
	at play.api.http.HttpErrorHandlerExceptions$.throwableToUsefulException(HttpErrorHandler.scala:351)
	at play.api.http.DefaultHttpErrorHandler.onServerError(HttpErrorHandler.scala:267)
	at play.core.server.AkkaHttpServer$$anonfun$1.applyOrElse(AkkaHttpServer.scala:448)
	at play.core.server.AkkaHttpServer$$anonfun$1.applyOrElse(AkkaHttpServer.scala:446)
	at scala.concurrent.impl.Promise$Transformation.run(Promise.scala:453)
	at akka.dispatch.BatchingExecutor$AbstractBatch.processBatch(BatchingExecutor.scala:55)
	at akka.dispatch.BatchingExecutor$BlockableBatch.$anonfun$run$1(BatchingExecutor.scala:92)
	at scala.runtime.java8.JFunction0$mcV$sp.apply(JFunction0$mcV$sp.scala:18)
	at scala.concurrent.BlockContext$.withBlockContext(BlockContext.scala:94)
	at akka.dispatch.BatchingExecutor$BlockableBatch.run(BatchingExecutor.scala:92)
	at akka.dispatch.TaskInvocation.run(AbstractDispatcher.scala:41)
	at akka.dispatch.ForkJoinExecutorConfigurator$AkkaForkJoinTask.exec(ForkJoinExecutorConfigurator.scala:49)
	at akka.dispatch.forkjoin.ForkJoinTask.doExec(ForkJoinTask.java:260)
	at akka.dispatch.forkjoin.ForkJoinPool$WorkQueue.runTask(ForkJoinPool.java:1339)
	at akka.dispatch.forkjoin.ForkJoinPool.runWorker(ForkJoinPool.java:1979)
	at akka.dispatch.forkjoin.ForkJoinWorkerThread.run(ForkJoinWorkerThread.java:107)
Caused by: java.util.NoSuchElementException: null
	at scala.collection.immutable.BitmapIndexedMapNode.apply(HashMap.scala:604)
	at scala.collection.immutable.HashMap.apply(HashMap.scala:131)
	at implicits.CSVTool$CSVLines.$anonfun$selectOneColumn$1(CSVTool.scala:51)
	at scala.collection.immutable.List.map(List.scala:219)
	at implicits.CSVTool$CSVLines.selectOneColumn(CSVTool.scala:50)
	at tool.CompoundFileValidTool.$anonfun$validIntColumn$1(CompoundFileValidTool.scala:74)
	at scala.collection.immutable.List.map(List.scala:223)
	at tool.CompoundFileValidTool.validIntColumn(CompoundFileValidTool.scala:73)
	at tool.CompoundFileValidTool$.$anonfun$valid$7(CompoundFileValidTool.scala:338)
	at tool.CompoundFileValidTool$.$anonfun$valid$7$adapted(CompoundFileValidTool.scala:337)
	at cats.data.Validated.andThen(Validated.scala:264)
	at tool.CompoundFileValidTool$.valid(CompoundFileValidTool.scala:337)
	at tool.FileTool$.compoundFileCheck(FileTool.scala:29)
	at tool.FileTool$.fileCheck(FileTool.scala:20)
	at controllers.MissionController.$anonfun$newMission$1(MissionController.scala:56)
	at play.api.mvc.ActionBuilderImpl.invokeBlock(Action.scala:489)
	at play.api.mvc.ActionBuilderImpl.invokeBlock(Action.scala:487)
	at play.api.mvc.ActionBuilder$$anon$10.apply(Action.scala:426)
	at play.api.mvc.Action.$anonfun$apply$2(Action.scala:98)
	at scala.concurrent.impl.Promise$Transformation.run(Promise.scala:433)
	... 11 common frames omitted
2019-12-23 18:09:24,571 [WARN] from play.api.http.HttpConfiguration in play-dev-mode-akka.actor.default-dispatcher-175 - 
The application secret is too short and does not have the recommended amount of entropy.  Your application is not secure
and it will fail to start in production mode.
To set the application secret, please read http://playframework.com/documentation/latest/ApplicationSecret
          
2019-12-23 18:09:24,612 [INFO] from play.api.http.EnabledFilters in play-dev-mode-akka.actor.default-dispatcher-175 - Enabled Filters (see <https://www.playframework.com/documentation/latest/Filters>):

    play.filters.gzip.GzipFilter

2019-12-23 18:09:24,614 [INFO] from play.api.Play in play-dev-mode-akka.actor.default-dispatcher-175 - Application started (Dev) (no global state)
2019-12-23 18:09:24,614 [WARN] from slick.basic.DatabaseConfig in application-akka.actor.default-dispatcher-5 - Use `profile` instead of `driver`. The latter is deprecated since Slick 3.2 and will be removed.
2019-12-23 18:11:44,757 [WARN] from play.api.http.HttpConfiguration in play-dev-mode-akka.actor.default-dispatcher-238 - 
The application secret is too short and does not have the recommended amount of entropy.  Your application is not secure
and it will fail to start in production mode.
To set the application secret, please read http://playframework.com/documentation/latest/ApplicationSecret
          
2019-12-23 18:11:44,801 [INFO] from play.api.http.EnabledFilters in play-dev-mode-akka.actor.default-dispatcher-238 - Enabled Filters (see <https://www.playframework.com/documentation/latest/Filters>):

    play.filters.gzip.GzipFilter

2019-12-23 18:11:44,807 [INFO] from play.api.Play in play-dev-mode-akka.actor.default-dispatcher-238 - Application started (Dev) (no global state)
2019-12-23 18:11:44,807 [WARN] from slick.basic.DatabaseConfig in application-akka.actor.default-dispatcher-2 - Use `profile` instead of `driver`. The latter is deprecated since Slick 3.2 and will be removed.
